<?xml version="1.0" encoding="UTF-8"?>
<testsuite xmlns:xsi="http://www.w3.org/2001/XMLSchema-instance" xsi:noNamespaceSchemaLocation="https://maven.apache.org/surefire/maven-surefire-plugin/xsd/surefire-test-report-3.0.xsd" version="3.0" name="com.aiplatform.backend.workspace.ProjectWorkspaceControllerTest" time="0.036" tests="3" errors="0" skipped="0" failures="0">
  <properties>
[...]
</properties>
  <testcase name="shouldReturnNotFoundWhenProjectMissing" classname="com.aiplatform.backend.workspace.ProjectWorkspaceControllerTest" time="0.008">
    <system-out><![CDATA[2026-03-19T20:12:19.014+08:00  INFO 22328 --- [ai-platform-backend] [           main] t.c.s.AnnotationConfigContextLoaderUtils : Could not detect default configuration classes for test class [com.aiplatform.backend.workspace.ProjectWorkspaceControllerTest]: ProjectWorkspaceControllerTest does not declare any static, non-private, non-final, nested classes annotated with @Configuration.
2026-03-19T20:12:19.020+08:00  INFO 22328 --- [ai-platform-backend] [           main] .b.t.c.SpringBootTestContextBootstrapper : Found @SpringBootConfiguration com.aiplatform.backend.AiPlatformBackendApplication for test class com.aiplatform.backend.workspace.ProjectWorkspaceControllerTest
]]></system-out>
  </testcase>
  <testcase name="shouldCreateWorkspaceUnderProject" classname="com.aiplatform.backend.workspace.ProjectWorkspaceControllerTest" time="0.007"/>
  <testcase name="shouldListProjectWorkspaces" classname="com.aiplatform.backend.workspace.ProjectWorkspaceControllerTest" time="0.011"/>
</testsuite>